[ 2023-06-07 04:26:56,015 ] 24 root - INFO - Data Ingestion methods Starts
[ 2023-06-07 04:26:56,021 ] 28 root - INFO - Dataset read as pandas Dataframe
[ 2023-06-07 04:26:56,033 ] 38 root - INFO - Train test split completed
[ 2023-06-07 04:26:56,044 ] 41 root - INFO - Ingestion of Data is completed
[ 2023-06-07 04:26:56,044 ] 66 root - INFO - Data Transformation has been initiated
[ 2023-06-07 04:26:56,051 ] 72 root - INFO - Train dataframe head: 
    Gender        Age    Height      Weight family_history_with_overweight FAVC      FCVC  NCP       CAEC SMOKE      CH2O  SCC       FAF       TUE       CALC                 MTRANS           NObeyesdad
0  Female  25.982113  1.627818  105.428628                            yes  yes  3.000000  3.0  Sometimes    no  1.480750   no  0.098043  0.663492  Sometimes  Public_Transportation     Obesity_Type_III
1  Female  26.000000  1.656320  111.933010                            yes  yes  3.000000  3.0  Sometimes    no  2.774014   no  0.000000  0.138418  Sometimes  Public_Transportation     Obesity_Type_III
2    Male  18.000000  1.750097   86.372141                            yes  yes  2.907062  3.0  Sometimes    no  2.740848   no  1.219827  0.037634  Sometimes  Public_Transportation  Overweight_Level_II
3  Female  22.000000  1.700000   66.000000                            yes   no  3.000000  3.0     Always    no  2.000000  yes  2.000000  1.000000  Sometimes  Public_Transportation        Normal_Weight
4    Male  23.451595  1.670227   75.000000                            yes  yes  2.000000  3.0  Sometimes    no  2.000000   no  0.129163  1.983678  Sometimes  Public_Transportation   Overweight_Level_I
[ 2023-06-07 04:26:56,053 ] 73 root - INFO - Test dataframe head: 
    Gender        Age    Height      Weight family_history_with_overweight FAVC  FCVC       NCP        CAEC SMOKE      CH2O  SCC       FAF       TUE       CALC                 MTRANS           NObeyesdad
0  Female  20.406871  1.755978   53.699561                            yes  yes   2.0  3.891994  Frequently    no  1.863930   no  2.870127  2.000000         no  Public_Transportation  Insufficient_Weight
1  Female  26.000000  1.624950  111.004920                            yes  yes   3.0  3.000000   Sometimes    no  2.704315   no  0.000000  0.322666  Sometimes  Public_Transportation     Obesity_Type_III
2    Male  18.000000  1.850000   60.000000                            yes  yes   3.0  4.000000   Sometimes    no  2.000000  yes  2.000000  0.000000  Sometimes             Automobile  Insufficient_Weight
3  Female  21.000000  1.520000   42.000000                             no  yes   3.0  1.000000  Frequently    no  1.000000   no  0.000000  0.000000  Sometimes  Public_Transportation  Insufficient_Weight
4    Male  22.000000  1.750000   74.000000                            yes   no   2.0  3.000000   Sometimes    no  2.000000   no  1.000000  2.000000  Sometimes                   Bike        Normal_Weight
[ 2023-06-07 04:26:56,053 ] 82 root - INFO - Input and Target feature has been successfully split
[ 2023-06-07 04:26:56,053 ] 58 root - INFO - Preprocessor file has been successfully created
[ 2023-06-07 04:26:56,063 ] 94 root - INFO - Data Transformation has been successfully completed
[ 2023-06-07 04:26:56,064 ] 97 root - INFO - Preprocessor picked was successfully saved
[ 2023-06-07 04:26:56,064 ] 26 root - INFO - train_test_shape: ((1477, 16), (1477,), (634, 16), (634,))
[ 2023-06-07 04:26:56,065 ] 37 root - INFO - Model training has been successfully initiated
[ 2023-06-07 04:26:56,299 ] 45 root - INFO - Model: etc, F1 macro: 0.930377039836357
[ 2023-06-07 04:26:56,464 ] 45 root - INFO - Model: rfc, F1 macro: 0.9364423087412597
[ 2023-06-07 04:26:59,457 ] 45 root - INFO - Model: gbc, F1 macro: 0.9521462692818232
[ 2023-06-07 04:27:02,379 ] 45 root - INFO - Model: cat, F1 macro: 0.9575022247250277
[ 2023-06-07 04:27:03,938 ] 45 root - INFO - Model: lgbm, F1 macro: 0.960511751097452
[ 2023-06-07 04:27:03,939 ] 47 root - INFO - Model training has been successfully completed
[ 2023-06-07 04:27:03,939 ] 54 root - INFO - Best_model: lgbm, F1 macro: 0.960511751097452
[ 2023-06-07 04:27:03,958 ] 57 root - INFO - Best model was successfully saved
