[ 2023-06-07 03:56:01,528 ] 24 root - INFO - Data Ingestion methods Starts
[ 2023-06-07 03:56:01,537 ] 28 root - INFO - Dataset read as pandas Dataframe
[ 2023-06-07 03:56:01,555 ] 38 root - INFO - Train test split completed
[ 2023-06-07 03:56:01,567 ] 41 root - INFO - Ingestion of Data is completed
[ 2023-06-07 03:56:01,567 ] 62 root - INFO - Data Transformation has been initiated
[ 2023-06-07 03:56:01,574 ] 68 root - INFO - Train dataframe head: 
    Gender        Age    Height      Weight family_history_with_overweight FAVC      FCVC  NCP       CAEC SMOKE      CH2O  SCC       FAF       TUE       CALC                 MTRANS           NObeyesdad
0  Female  25.982113  1.627818  105.428628                            yes  yes  3.000000  3.0  Sometimes    no  1.480750   no  0.098043  0.663492  Sometimes  Public_Transportation     Obesity_Type_III
1  Female  26.000000  1.656320  111.933010                            yes  yes  3.000000  3.0  Sometimes    no  2.774014   no  0.000000  0.138418  Sometimes  Public_Transportation     Obesity_Type_III
2    Male  18.000000  1.750097   86.372141                            yes  yes  2.907062  3.0  Sometimes    no  2.740848   no  1.219827  0.037634  Sometimes  Public_Transportation  Overweight_Level_II
3  Female  22.000000  1.700000   66.000000                            yes   no  3.000000  3.0     Always    no  2.000000  yes  2.000000  1.000000  Sometimes  Public_Transportation        Normal_Weight
4    Male  23.451595  1.670227   75.000000                            yes  yes  2.000000  3.0  Sometimes    no  2.000000   no  0.129163  1.983678  Sometimes  Public_Transportation   Overweight_Level_I
[ 2023-06-07 03:56:01,575 ] 69 root - INFO - Test dataframe head: 
    Gender        Age    Height      Weight family_history_with_overweight FAVC  FCVC       NCP        CAEC SMOKE      CH2O  SCC       FAF       TUE       CALC                 MTRANS           NObeyesdad
0  Female  20.406871  1.755978   53.699561                            yes  yes   2.0  3.891994  Frequently    no  1.863930   no  2.870127  2.000000         no  Public_Transportation  Insufficient_Weight
1  Female  26.000000  1.624950  111.004920                            yes  yes   3.0  3.000000   Sometimes    no  2.704315   no  0.000000  0.322666  Sometimes  Public_Transportation     Obesity_Type_III
2    Male  18.000000  1.850000   60.000000                            yes  yes   3.0  4.000000   Sometimes    no  2.000000  yes  2.000000  0.000000  Sometimes             Automobile  Insufficient_Weight
3  Female  21.000000  1.520000   42.000000                             no  yes   3.0  1.000000  Frequently    no  1.000000   no  0.000000  0.000000  Sometimes  Public_Transportation  Insufficient_Weight
4    Male  22.000000  1.750000   74.000000                            yes   no   2.0  3.000000   Sometimes    no  2.000000   no  1.000000  2.000000  Sometimes                   Bike        Normal_Weight
[ 2023-06-07 03:56:01,576 ] 78 root - INFO - Input and Target feature has been successfully split
[ 2023-06-07 03:56:01,576 ] 54 root - INFO - Preprocessor file has been successfully created
